ChatDemoUI3.0/app/build/outputs/logs/manifest-merger-debug-report.txt
-- Merging decision tree log ---
manifest
ADDED from src\main\AndroidManifest.xml:2:1-441:12
INJECTED from src\main\AndroidManifest.xml:2:1-441:12
INJECTED from src\main\AndroidManifest.xml:2:1-441:12
INJECTED from src\main\AndroidManifest.xml:2:1-441:12
MERGED from [:easeui] AndroidManifest.xml:2:1-9:12
MERGED from [com.android.support:multidex:1.0.2] AndroidManifest.xml:17:1-22:12
MERGED from [com.google.firebase:firebase-messaging:11.4.0] AndroidManifest.xml:16:1-30:12
MERGED from [com.tencent.bugly:crashreport:2.6.6.1] AndroidManifest.xml:2:1-9:12
MERGED from [com.tencent.bugly:nativecrashreport:3.3.1] AndroidManifest.xml:2:1-9:12
MERGED from [:hmspush] AndroidManifest.xml:2:1-96:12
MERGED from [com.google.firebase:firebase-core:11.4.0] AndroidManifest.xml:2:1-6:12
MERGED from [cn.smssdk:SMSSDK:3.2.1.1] AndroidManifest.xml:2:1-11:12
MERGED from [cn.smssdk:ShortMessageSDKGUI:3.2.1.1] AndroidManifest.xml:2:1-16:12
MERGED from [com.google.android.gms:play-services-base:11.4.0] AndroidManifest.xml:16:1-21:12
MERGED from [com.android.support:appcompat-v7:26.0.1] AndroidManifest.xml:17:1-31:12
MERGED from [com.google.firebase:firebase-analytics:11.4.0] AndroidManifest.xml:16:1-35:12
MERGED from [com.google.firebase:firebase-analytics-impl:11.4.0] AndroidManifest.xml:16:1-29:12
MERGED from [com.google.firebase:firebase-iid:11.4.0] AndroidManifest.xml:16:1-50:12
MERGED from [com.google.firebase:firebase-common:11.4.0] AndroidManifest.xml:2:1-8:12
MERGED from [com.google.android.gms:play-services-tasks:11.4.0] AndroidManifest.xml:2:1-5:12
MERGED from [com.google.android.gms:play-services-basement:11.4.0] AndroidManifest.xml:16:1-23:12
MERGED from [com.huawei.android.hms:push:2.6.0.301] AndroidManifest.xml:2:1-9:12
MERGED from [com.android.support:animated-vector-drawable:26.0.1] AndroidManifest.xml:17:1-28:12
MERGED from [com.android.support:support-vector-drawable:26.0.1] AndroidManifest.xml:17:1-28:12
MERGED from [com.android.support:support-v4:26.0.1] AndroidManifest.xml:17:1-31:12
MERGED from [com.android.support:support-fragment:26.0.1] AndroidManifest.xml:17:1-31:12
MERGED from [com.android.support:support-core-ui:26.0.1] AndroidManifest.xml:17:1-31:12
MERGED from [com.android.support:support-media-compat:26.0.1] AndroidManifest.xml:17:1-31:12
MERGED from [com.android.support:support-core-utils:26.0.1] AndroidManifest.xml:17:1-31:12
MERGED from [com.android.support:support-compat:26.0.1] AndroidManifest.xml:17:1-31:12
MERGED from [com.huawei.android.hms:base:2.6.0.301] AndroidManifest.xml:2:1-23:12
INJECTED from src\main\AndroidManifest.xml:2:1-441:12
INJECTED from src\main\AndroidManifest.xml:2:1-441:12
INJECTED from src\main\AndroidManifest.xml:2:1-441:12
	package
		ADDED from src\main\AndroidManifest.xml:4:5-39
		INJECTED from src\main\AndroidManifest.xml
		INJECTED from src\main\AndroidManifest.xml
	android:versionName
		ADDED from src\main\AndroidManifest.xml:6:5-32
		INJECTED from src\main\AndroidManifest.xml
		INJECTED from src\main\AndroidManifest.xml
	xmlns:tools
		ADDED from src\main\AndroidManifest.xml:3:5-51
	xmlns:android
		ADDED from src\main\AndroidManifest.xml:2:11-69
	android:versionCode
		ADDED from src\main\AndroidManifest.xml:5:5-29
		INJECTED from src\main\AndroidManifest.xml
		INJECTED from src\main\AndroidManifest.xml
uses-permission#android.permission.VIBRATE
ADDED from src\main\AndroidManifest.xml:8:5-66
	android:name
		ADDED from src\main\AndroidManifest.xml:8:22-63
uses-permission#android.permission.INTERNET
ADDED from src\main\AndroidManifest.xml:9:5-67
MERGED from [:hmspush] AndroidManifest.xml:12:5-67
MERGED from [:hmspush] AndroidManifest.xml:12:5-67
MERGED from [com.google.firebase:firebase-analytics:11.4.0] AndroidManifest.xml:20:5-66
MERGED from [com.google.firebase:firebase-analytics:11.4.0] AndroidManifest.xml:20:5-66
MERGED from [com.google.firebase:firebase-analytics-impl:11.4.0] AndroidManifest.xml:20:5-66
MERGED from [com.google.firebase:firebase-analytics-impl:11.4.0] AndroidManifest.xml:20:5-66
MERGED from [com.google.firebase:firebase-iid:11.4.0] AndroidManifest.xml:20:5-66
MERGED from [com.google.firebase:firebase-iid:11.4.0] AndroidManifest.xml:20:5-66
	android:name
		ADDED from src\main\AndroidManifest.xml:9:22-64
uses-permission#android.permission.RECORD_AUDIO
ADDED from src\main\AndroidManifest.xml:10:5-71
	android:name
		ADDED from src\main\AndroidManifest.xml:10:22-68
uses-permission#android.permission.CAMERA
ADDED from src\main\AndroidManifest.xml:11:5-65
	android:name
		ADDED from src\main\AndroidManifest.xml:11:22-62
uses-permission#android.permission.ACCESS_NETWORK_STATE
ADDED from src\main\AndroidManifest.xml:12:5-79
MERGED from [:hmspush] AndroidManifest.xml:16:5-79
MERGED from [:hmspush] AndroidManifest.xml:16:5-79
MERGED from [com.google.firebase:firebase-analytics:11.4.0] AndroidManifest.xml:21:5-78
MERGED from [com.google.firebase:firebase-analytics:11.4.0] AndroidManifest.xml:21:5-78
MERGED from [com.google.firebase:firebase-analytics-impl:11.4.0] AndroidManifest.xml:21:5-78
MERGED from [com.google.firebase:firebase-analytics-impl:11.4.0] AndroidManifest.xml:21:5-78
MERGED from [com.google.firebase:firebase-iid:11.4.0] AndroidManifest.xml:19:5-78
MERGED from [com.google.firebase:firebase-iid:11.4.0] AndroidManifest.xml:19:5-78
	android:name
		ADDED from src\main\AndroidManifest.xml:12:22-76
uses-permission#android.permission.CHANGE_NETWORK_STATE
ADDED from src\main\AndroidManifest.xml:13:5-79
	android:name
		ADDED from src\main\AndroidManifest.xml:13:22-76
uses-permission#android.permission.WRITE_EXTERNAL_STORAGE
ADDED from src\main\AndroidManifest.xml:14:5-81
MERGED from [:hmspush] AndroidManifest.xml:14:5-81
MERGED from [:hmspush] AndroidManifest.xml:14:5-81
	android:name
		ADDED from src\main\AndroidManifest.xml:14:22-78
uses-permission#android.permission.MOUNT_UNMOUNT_FILESYSTEMS
ADDED from src\main\AndroidManifest.xml:15:5-84
	android:name
		ADDED from src\main\AndroidManifest.xml:15:22-81
uses-permission#android.permission.ACCESS_FINE_LOCATION
ADDED from src\main\AndroidManifest.xml:16:5-79
	android:name
		ADDED from src\main\AndroidManifest.xml:16:22-76
uses-permission#android.permission.GET_TASKS
ADDED from src\main\AndroidManifest.xml:17:5-68
	android:name
		ADDED from src\main\AndroidManifest.xml:17:22-65
uses-permission#android.permission.ACCESS_WIFI_STATE
ADDED from src\main\AndroidManifest.xml:18:5-76
MERGED from [:hmspush] AndroidManifest.xml:18:5-76
MERGED from [:hmspush] AndroidManifest.xml:18:5-76
	android:name
		ADDED from src\main\AndroidManifest.xml:18:22-73
uses-permission#android.permission.CHANGE_WIFI_STATE
ADDED from src\main\AndroidManifest.xml:19:5-76
	android:name
		ADDED from src\main\AndroidManifest.xml:19:22-73
uses-permission#android.permission.WAKE_LOCK
ADDED from src\main\AndroidManifest.xml:20:5-68
MERGED from [com.google.firebase:firebase-analytics:11.4.0] AndroidManifest.xml:22:5-67
MERGED from [com.google.firebase:firebase-analytics:11.4.0] AndroidManifest.xml:22:5-67
MERGED from [com.google.firebase:firebase-analytics-impl:11.4.0] AndroidManifest.xml:22:5-67
MERGED from [com.google.firebase:firebase-analytics-impl:11.4.0] AndroidManifest.xml:22:5-67
MERGED from [com.google.firebase:firebase-iid:11.4.0] AndroidManifest.xml:21:5-67
MERGED from [com.google.firebase:firebase-iid:11.4.0] AndroidManifest.xml:21:5-67
	android:name
		ADDED from src\main\AndroidManifest.xml:20:22-65
uses-permission#android.permission.MODIFY_AUDIO_SETTINGS
ADDED from src\main\AndroidManifest.xml:21:5-80
	android:name
		ADDED from src\main\AndroidManifest.xml:21:22-77
uses-permission#android.permission.READ_PHONE_STATE
ADDED from src\main\AndroidManifest.xml:22:5-75
MERGED from [:hmspush] AndroidManifest.xml:20:5-75
MERGED from [:hmspush] AndroidManifest.xml:20:5-75
	android:name
		ADDED from src\main\AndroidManifest.xml:22:22-72
uses-permission#android.permission.RECEIVE_BOOT_COMPLETED
ADDED from src\main\AndroidManifest.xml:23:5-81
	android:name
		ADDED from src\main\AndroidManifest.xml:23:22-78
uses-permission#com.android.launcher.permission.READ_SETTINGS
ADDED from src\main\AndroidManifest.xml:24:5-85
	android:name
		ADDED from src\main\AndroidManifest.xml:24:22-82
uses-permission#android.permission.BROADCAST_STICKY
ADDED from src\main\AndroidManifest.xml:25:5-75
	android:name
		ADDED from src\main\AndroidManifest.xml:25:22-72
uses-permission#android.permission.REQUEST_IGNORE_BATTERY_OPTIMIZATIONS
ADDED from src\main\AndroidManifest.xml:26:5-95
	android:name
		ADDED from src\main\AndroidManifest.xml:26:22-92
uses-permission#android.permission.SYSTEM_ALERT_WINDOW
ADDED from src\main\AndroidManifest.xml:28:5-78
	android:name
		ADDED from src\main\AndroidManifest.xml:28:22-75
uses-permission#android.permission.READ_LOGS
ADDED from src\main\AndroidManifest.xml:31:5-68
	android:name
		ADDED from src\main\AndroidManifest.xml:31:22-65
permission#com.hyphenate.chatuidemo.permission.MIPUSH_RECEIVE
ADDED from src\main\AndroidManifest.xml:34:5-36:55
	android:protectionLevel
		ADDED from src\main\AndroidManifest.xml:36:9-52
	android:name
		ADDED from src\main\AndroidManifest.xml:35:9-74
uses-permission#com.hyphenate.chatuidemo.permission.MIPUSH_RECEIVE
ADDED from src\main\AndroidManifest.xml:38:5-90
	android:name
		ADDED from src\main\AndroidManifest.xml:38:22-87
uses-permission#android.permission.READ_EXTERNAL_STORAGE
ADDED from src\main\AndroidManifest.xml:39:5-80
	android:name
		ADDED from src\main\AndroidManifest.xml:39:22-77
application
ADDED from src\main\AndroidManifest.xml:41:5-439:19
MERGED from [com.google.firebase:firebase-messaging:11.4.0] AndroidManifest.xml:19:5-29:19
MERGED from [com.google.firebase:firebase-messaging:11.4.0] AndroidManifest.xml:19:5-29:19
MERGED from [:hmspush] AndroidManifest.xml:22:5-94:19
MERGED from [:hmspush] AndroidManifest.xml:22:5-94:19
MERGED from [com.google.firebase:firebase-core:11.4.0] AndroidManifest.xml:5:5-20
MERGED from [com.google.firebase:firebase-core:11.4.0] AndroidManifest.xml:5:5-20
MERGED from [cn.smssdk:ShortMessageSDKGUI:3.2.1.1] AndroidManifest.xml:13:5-14:19
MERGED from [cn.smssdk:ShortMessageSDKGUI:3.2.1.1] AndroidManifest.xml:13:5-14:19
MERGED from [com.google.android.gms:play-services-base:11.4.0] AndroidManifest.xml:18:5-20:19
MERGED from [com.google.android.gms:play-services-base:11.4.0] AndroidManifest.xml:18:5-20:19
MERGED from [com.android.support:appcompat-v7:26.0.1] AndroidManifest.xml:25:5-29:19
MERGED from [com.android.support:appcompat-v7:26.0.1] AndroidManifest.xml:25:5-29:19
MERGED from [com.google.firebase:firebase-analytics:11.4.0] AndroidManifest.xml:24:5-34:19
MERGED from [com.google.firebase:firebase-analytics:11.4.0] AndroidManifest.xml:24:5-34:19
MERGED from [com.google.firebase:firebase-analytics-impl:11.4.0] AndroidManifest.xml:24:5-28:19
MERGED from [com.google.firebase:firebase-analytics-impl:11.4.0] AndroidManifest.xml:24:5-28:19
MERGED from [com.google.firebase:firebase-iid:11.4.0] AndroidManifest.xml:28:5-49:19
MERGED from [com.google.firebase:firebase-iid:11.4.0] AndroidManifest.xml:28:5-49:19
MERGED from [com.google.firebase:firebase-common:11.4.0] AndroidManifest.xml:4:5-7:19
MERGED from [com.google.firebase:firebase-common:11.4.0] AndroidManifest.xml:4:5-7:19
MERGED from [com.google.android.gms:play-services-tasks:11.4.0] AndroidManifest.xml:4:5-19
MERGED from [com.google.android.gms:play-services-tasks:11.4.0] AndroidManifest.xml:4:5-19
MERGED from [com.google.android.gms:play-services-basement:11.4.0] AndroidManifest.xml:19:5-21:19
MERGED from [com.google.android.gms:play-services-basement:11.4.0] AndroidManifest.xml:19:5-21:19
MERGED from [com.android.support:animated-vector-drawable:26.0.1] AndroidManifest.xml:22:5-26:19
MERGED from [com.android.support:animated-vector-drawable:26.0.1] AndroidManifest.xml:22:5-26:19
MERGED from [com.android.support:support-vector-drawable:26.0.1] AndroidManifest.xml:22:5-26:19
MERGED from [com.android.support:support-vector-drawable:26.0.1] AndroidManifest.xml:22:5-26:19
MERGED from [com.android.support:support-v4:26.0.1] AndroidManifest.xml:25:5-29:19
MERGED from [com.android.support:support-v4:26.0.1] AndroidManifest.xml:25:5-29:19
MERGED from [com.android.support:support-fragment:26.0.1] AndroidManifest.xml:25:5-29:19
MERGED from [com.android.support:support-fragment:26.0.1] AndroidManifest.xml:25:5-29:19
MERGED from [com.android.support:support-core-ui:26.0.1] AndroidManifest.xml:25:5-29:19
MERGED from [com.android.support:support-core-ui:26.0.1] AndroidManifest.xml:25:5-29:19
MERGED from [com.android.support:support-media-compat:26.0.1] AndroidManifest.xml:25:5-29:19
MERGED from [com.android.support:support-media-compat:26.0.1] AndroidManifest.xml:25:5-29:19
MERGED from [com.android.support:support-core-utils:26.0.1] AndroidManifest.xml:25:5-29:19
MERGED from [com.android.support:support-core-utils:26.0.1] AndroidManifest.xml:25:5-29:19
MERGED from [com.android.support:support-compat:26.0.1] AndroidManifest.xml:25:5-29:19
MERGED from [com.android.support:support-compat:26.0.1] AndroidManifest.xml:25:5-29:19
MERGED from [com.huawei.android.hms:base:2.6.0.301] AndroidManifest.xml:9:5-21:19
MERGED from [com.huawei.android.hms:base:2.6.0.301] AndroidManifest.xml:9:5-21:19
	android:label
		ADDED from src\main\AndroidManifest.xml:45:9-41
	android:icon
		ADDED from src\main\AndroidManifest.xml:44:9-48
	android:allowBackup
		ADDED from src\main\AndroidManifest.xml:43:9-35
	android:name
		ADDED from src\main\AndroidManifest.xml:42:9-40
provider#android.support.v4.content.FileProvider
ADDED from src\main\AndroidManifest.xml:48:9-56:20
	android:grantUriPermissions
		ADDED from src\main\AndroidManifest.xml:51:13-47
	android:authorities
		ADDED from src\main\AndroidManifest.xml:50:13-72
	android:exported
		ADDED from src\main\AndroidManifest.xml:52:13-37
	android:name
		ADDED from src\main\AndroidManifest.xml:49:13-67
meta-data#android.support.FILE_PROVIDER_PATHS
ADDED from src\main\AndroidManifest.xml:53:13-55:54
	android:resource
		ADDED from src\main\AndroidManifest.xml:55:17-51
	android:name
		ADDED from src\main\AndroidManifest.xml:54:17-67
activity#com.hyphenate.chatuidemo.ui.MainActivity
ADDED from src\main\AndroidManifest.xml:58:9-63:55
	android:screenOrientation
		ADDED from src\main\AndroidManifest.xml:61:13-49
	android:launchMode
		ADDED from src\main\AndroidManifest.xml:60:13-44
	android:windowSoftInputMode
		ADDED from src\main\AndroidManifest.xml:63:13-52
	android:theme
		ADDED from src\main\AndroidManifest.xml:62:13-52
	android:name
		ADDED from src\main\AndroidManifest.xml:59:13-44
activity#com.hyphenate.chatuidemo.ui.SplashActivity
ADDED from src\main\AndroidManifest.xml:66:9-75:20
	android:screenOrientation
		ADDED from src\main\AndroidManifest.xml:68:13-49
	android:theme
		ADDED from src\main\AndroidManifest.xml:69:13-52
	android:name
		ADDED from src\main\AndroidManifest.xml:67:13-46
intent-filter#action:name:android.intent.action.MAIN+category:name:android.intent.category.LAUNCHER
ADDED from src\main\AndroidManifest.xml:70:13-74:29
action#android.intent.action.MAIN
ADDED from src\main\AndroidManifest.xml:71:17-69
	android:name
		ADDED from src\main\AndroidManifest.xml:71:25-66
category#android.intent.category.LAUNCHER
ADDED from src\main\AndroidManifest.xml:73:17-77
	android:name
		ADDED from src\main\AndroidManifest.xml:73:27-74
activity#com.hyphenate.chatuidemo.ui.LoginActivity
ADDED from src\main\AndroidManifest.xml:78:9-82:71
	android:screenOrientation
		ADDED from src\main\AndroidManifest.xml:80:13-49
	android:windowSoftInputMode
		ADDED from src\main\AndroidManifest.xml:82:13-68
	android:theme
		ADDED from src\main\AndroidManifest.xml:81:13-52
	android:name
		ADDED from src\main\AndroidManifest.xml:79:13-45
activity#com.hyphenate.chatuidemo.ui.ServiceCheckActivity
ADDED from src\main\AndroidManifest.xml:85:9-89:71
	android:screenOrientation
		ADDED from src\main\AndroidManifest.xml:87:13-49
	android:windowSoftInputMode
		ADDED from src\main\AndroidManifest.xml:89:13-68
	android:theme
		ADDED from src\main\AndroidManifest.xml:88:13-52
	android:name
		ADDED from src\main\AndroidManifest.xml:86:13-52
activity#com.hyphenate.chatuidemo.ui.RegisterActivity
ADDED from src\main\AndroidManifest.xml:92:9-96:71
	android:screenOrientation
		ADDED from src\main\AndroidManifest.xml:94:13-49
	android:windowSoftInputMode
		ADDED from src\main\AndroidManifest.xml:96:13-68
	android:theme
		ADDED from src\main\AndroidManifest.xml:95:13-52
	android:name
		ADDED from src\main\AndroidManifest.xml:93:13-48
activity#com.hyphenate.chatuidemo.ui.ChatActivity
ADDED from src\main\AndroidManifest.xml:98:9-103:58
	android:screenOrientation
		ADDED from src\main\AndroidManifest.xml:101:13-49
	android:launchMode
		ADDED from src\main\AndroidManifest.xml:100:13-44
	android:windowSoftInputMode
		ADDED from src\main\AndroidManifest.xml:103:13-55
	android:theme
		ADDED from src\main\AndroidManifest.xml:102:13-52
	android:name
		ADDED from src\main\AndroidManifest.xml:99:13-44
activity#com.hyphenate.chatuidemo.ui.AddContactActivity
ADDED from src\main\AndroidManifest.xml:105:9-109:58
	android:screenOrientation
		ADDED from src\main\AndroidManifest.xml:107:13-49
	android:windowSoftInputMode
		ADDED from src\main\AndroidManifest.xml:109:13-55
	android:theme
		ADDED from src\main\AndroidManifest.xml:108:13-52
	android:name
		ADDED from src\main\AndroidManifest.xml:106:13-50
activity#com.hyphenate.chatuidemo.ui.GroupDetailsActivity
ADDED from src\main\AndroidManifest.xml:111:9-114:55
	android:screenOrientation
		ADDED from src\main\AndroidManifest.xml:113:13-49
	android:theme
		ADDED from src\main\AndroidManifest.xml:114:13-52
	android:name
		ADDED from src\main\AndroidManifest.xml:112:13-52
activity#com.hyphenate.chatuidemo.ui.GroupsActivity
ADDED from src\main\AndroidManifest.xml:116:9-120:55
	android:screenOrientation
		ADDED from src\main\AndroidManifest.xml:118:13-49
	android:windowSoftInputMode
		ADDED from src\main\AndroidManifest.xml:120:13-52
	android:theme
		ADDED from src\main\AndroidManifest.xml:119:13-52
	android:name
		ADDED from src\main\AndroidManifest.xml:117:13-46
activity#com.hyphenate.chatuidemo.ui.ChatRoomDetailsActivity
ADDED from src\main\AndroidManifest.xml:123:9-126:55
	android:screenOrientation
		ADDED from src\main\AndroidManifest.xml:125:13-49
	android:theme
		ADDED from src\main\AndroidManifest.xml:126:13-52
	android:name
		ADDED from src\main\AndroidManifest.xml:124:13-55
activity#com.hyphenate.chatuidemo.ui.NewChatRoomActivity
ADDED from src\main\AndroidManifest.xml:128:9-132:55
	android:screenOrientation
		ADDED from src\main\AndroidManifest.xml:130:13-49
	android:windowSoftInputMode
		ADDED from src\main\AndroidManifest.xml:132:13-52
	android:theme
		ADDED from src\main\AndroidManifest.xml:131:13-52
	android:name
		ADDED from src\main\AndroidManifest.xml:129:13-51
activity#com.hyphenate.chatuidemo.ui.NewGroupActivity
ADDED from src\main\AndroidManifest.xml:135:9-139:55
	android:screenOrientation
		ADDED from src\main\AndroidManifest.xml:137:13-49
	android:windowSoftInputMode
		ADDED from src\main\AndroidManifest.xml:139:13-52
	android:theme
		ADDED from src\main\AndroidManifest.xml:138:13-52
	android:name
		ADDED from src\main\AndroidManifest.xml:136:13-48
activity#com.hyphenate.chatuidemo.ui.ExitGroupDialog
ADDED from src\main\AndroidManifest.xml:141:9-144:58
	android:screenOrientation
		ADDED from src\main\AndroidManifest.xml:143:13-49
	android:theme
		ADDED from src\main\AndroidManifest.xml:144:13-55
	android:name
		ADDED from src\main\AndroidManifest.xml:142:13-47
activity#com.hyphenate.chatuidemo.ui.GroupPickContactsActivity
ADDED from src\main\AndroidManifest.xml:146:9-150:55
	android:screenOrientation
		ADDED from src\main\AndroidManifest.xml:148:13-49
	android:windowSoftInputMode
		ADDED from src\main\AndroidManifest.xml:150:13-52
	android:theme
		ADDED from src\main\AndroidManifest.xml:149:13-52
	android:name
		ADDED from src\main\AndroidManifest.xml:147:13-57
activity#com.hyphenate.chatuidemo.ui.PickAtUserActivity
ADDED from src\main\AndroidManifest.xml:151:9-154:55
	android:screenOrientation
		ADDED from src\main\AndroidManifest.xml:153:13-49
	android:theme
		ADDED from src\main\AndroidManifest.xml:154:13-52
	android:name
		ADDED from src\main\AndroidManifest.xml:152:13-50
activity#com.hyphenate.easeui.ui.EaseBaiduMapActivity
ADDED from src\main\AndroidManifest.xml:156:9-159:55
	android:screenOrientation
		ADDED from src\main\AndroidManifest.xml:158:13-49
	android:theme
		ADDED from src\main\AndroidManifest.xml:159:13-52
	android:name
		ADDED from src\main\AndroidManifest.xml:157:13-72
activity#com.hyphenate.chatuidemo.ui.NewFriendsMsgActivity
ADDED from src\main\AndroidManifest.xml:162:9-165:55
	android:screenOrientation
		ADDED from src\main\AndroidManifest.xml:164:13-49
	android:theme
		ADDED from src\main\AndroidManifest.xml:165:13-52
	android:name
		ADDED from src\main\AndroidManifest.xml:163:13-53
activity#com.hyphenate.chatuidemo.ui.ForwardMessageActivity
ADDED from src\main\AndroidManifest.xml:167:9-171:55
	android:screenOrientation
		ADDED from src\main\AndroidManifest.xml:169:13-49
	android:windowSoftInputMode
		ADDED from src\main\AndroidManifest.xml:171:13-52
	android:theme
		ADDED from src\main\AndroidManifest.xml:170:13-52
	android:name
		ADDED from src\main\AndroidManifest.xml:168:13-54
activity#com.hyphenate.chatuidemo.ui.ContextMenuActivity
ADDED from src\main\AndroidManifest.xml:173:9-176:52
	android:screenOrientation
		ADDED from src\main\AndroidManifest.xml:175:13-49
	android:theme
		ADDED from src\main\AndroidManifest.xml:176:13-49
	android:name
		ADDED from src\main\AndroidManifest.xml:174:13-51
activity#com.hyphenate.easeui.ui.EaseShowBigImageActivity
ADDED from src\main\AndroidManifest.xml:178:9-181:55
	android:screenOrientation
		ADDED from src\main\AndroidManifest.xml:180:13-49
	android:theme
		ADDED from src\main\AndroidManifest.xml:181:13-52
	android:name
		ADDED from src\main\AndroidManifest.xml:179:13-76
activity#com.hyphenate.easeui.ui.EaseShowNormalFileActivity
ADDED from src\main\AndroidManifest.xml:183:9-186:55
	android:screenOrientation
		ADDED from src\main\AndroidManifest.xml:185:13-49
	android:theme
		ADDED from src\main\AndroidManifest.xml:186:13-52
	android:name
		ADDED from src\main\AndroidManifest.xml:184:13-78
activity#com.hyphenate.chatuidemo.ui.BlacklistActivity
ADDED from src\main\AndroidManifest.xml:188:9-191:55
	android:screenOrientation
		ADDED from src\main\AndroidManifest.xml:190:13-49
	android:theme
		ADDED from src\main\AndroidManifest.xml:191:13-52
	android:name
		ADDED from src\main\AndroidManifest.xml:189:13-49
activity#com.hyphenate.chatuidemo.ui.PublicGroupsActivity
ADDED from src\main\AndroidManifest.xml:194:9-198:55
	android:screenOrientation
		ADDED from src\main\AndroidManifest.xml:196:13-49
	android:windowSoftInputMode
		ADDED from src\main\AndroidManifest.xml:198:13-52
	android:theme
		ADDED from src\main\AndroidManifest.xml:197:13-52
	android:name
		ADDED from src\main\AndroidManifest.xml:195:13-52
activity#com.hyphenate.chatuidemo.ui.PublicChatRoomsActivity
ADDED from src\main\AndroidManifest.xml:199:9-203:55
	android:screenOrientation
		ADDED from src\main\AndroidManifest.xml:201:13-49
	android:windowSoftInputMode
		ADDED from src\main\AndroidManifest.xml:203:13-52
	android:theme
		ADDED from src\main\AndroidManifest.xml:202:13-52
	android:name
		ADDED from src\main\AndroidManifest.xml:200:13-55
activity#com.hyphenate.chatuidemo.ui.VoiceCallActivity
ADDED from src\main\AndroidManifest.xml:206:9-210:51
	android:screenOrientation
		ADDED from src\main\AndroidManifest.xml:209:13-49
	android:launchMode
		ADDED from src\main\AndroidManifest.xml:208:13-44
	android:theme
		ADDED from src\main\AndroidManifest.xml:210:13-48
	android:name
		ADDED from src\main\AndroidManifest.xml:207:13-49
activity#com.hyphenate.chatuidemo.ui.VideoCallActivity
ADDED from src\main\AndroidManifest.xml:212:9-217:55
	android:screenOrientation
		ADDED from src\main\AndroidManifest.xml:216:13-49
	android:launchMode
		ADDED from src\main\AndroidManifest.xml:215:13-44
	android:configChanges
		ADDED from src\main\AndroidManifest.xml:214:13-74
	android:theme
		ADDED from src\main\AndroidManifest.xml:217:13-52
	android:name
		ADDED from src\main\AndroidManifest.xml:213:13-49
activity#com.hyphenate.chatuidemo.conference.ConferenceActivity
ADDED from src\main\AndroidManifest.xml:219:9-225:50
	android:screenOrientation
		ADDED from src\main\AndroidManifest.xml:224:13-49
	android:launchMode
		ADDED from src\main\AndroidManifest.xml:222:13-44
	android:configChanges
		ADDED from src\main\AndroidManifest.xml:221:13-74
	android:theme
		ADDED from src\main\AndroidManifest.xml:225:13-48
	android:taskAffinity
		ADDED from src\main\AndroidManifest.xml:223:13-41
	android:name
		ADDED from src\main\AndroidManifest.xml:220:13-58
activity#com.hyphenate.chatuidemo.conference.ConferenceInviteActivity
ADDED from src\main\AndroidManifest.xml:227:9-232:54
	android:screenOrientation
		ADDED from src\main\AndroidManifest.xml:230:13-49
	android:windowSoftInputMode
		ADDED from src\main\AndroidManifest.xml:232:13-52
	android:configChanges
		ADDED from src\main\AndroidManifest.xml:229:13-74
	android:theme
		ADDED from src\main\AndroidManifest.xml:231:13-48
	android:name
		ADDED from src\main\AndroidManifest.xml:228:13-64
activity#com.hyphenate.chatuidemo.ui.GroupSimpleDetailActivity
ADDED from src\main\AndroidManifest.xml:235:9-238:55
	android:screenOrientation
		ADDED from src\main\AndroidManifest.xml:237:13-49
	android:theme
		ADDED from src\main\AndroidManifest.xml:238:13-52
	android:name
		ADDED from src\main\AndroidManifest.xml:236:13-57
activity#com.hyphenate.chatuidemo.ui.GroupBlacklistActivity
ADDED from src\main\AndroidManifest.xml:240:9-243:55
	android:screenOrientation
		ADDED from src\main\AndroidManifest.xml:242:13-49
	android:theme
		ADDED from src\main\AndroidManifest.xml:243:13-52
	android:name
		ADDED from src\main\AndroidManifest.xml:241:13-54
activity#com.hyphenate.chatuidemo.ui.GroupSearchMessageActivity
ADDED from src\main\AndroidManifest.xml:244:9-248:58
	android:screenOrientation
		ADDED from src\main\AndroidManifest.xml:246:13-49
	android:windowSoftInputMode
		ADDED from src\main\AndroidManifest.xml:248:13-55
	android:theme
		ADDED from src\main\AndroidManifest.xml:247:13-52
	android:name
		ADDED from src\main\AndroidManifest.xml:245:13-58
activity#com.hyphenate.chatuidemo.ui.PublicGroupsSeachActivity
ADDED from src\main\AndroidManifest.xml:249:9-252:55
	android:screenOrientation
		ADDED from src\main\AndroidManifest.xml:251:13-49
	android:theme
		ADDED from src\main\AndroidManifest.xml:252:13-52
	android:name
		ADDED from src\main\AndroidManifest.xml:250:13-57
activity#com.hyphenate.chatuidemo.ui.EditActivity
ADDED from src\main\AndroidManifest.xml:253:9-257:58
	android:screenOrientation
		ADDED from src\main\AndroidManifest.xml:255:13-49
	android:windowSoftInputMode
		ADDED from src\main\AndroidManifest.xml:257:13-55
	android:theme
		ADDED from src\main\AndroidManifest.xml:256:13-52
	android:name
		ADDED from src\main\AndroidManifest.xml:254:13-44
activity#com.hyphenate.chatuidemo.ui.SharedFilesActivity
ADDED from src\main\AndroidManifest.xml:258:9-261:15
	android:screenOrientation
		ADDED from src\main\AndroidManifest.xml:259:13-49
	android:theme
		ADDED from src\main\AndroidManifest.xml:260:13-52
	android:name
		ADDED from src\main\AndroidManifest.xml:258:19-57
activity#com.hyphenate.easeui.ui.EaseShowVideoActivity
ADDED from src\main\AndroidManifest.xml:262:9-266:63
	android:screenOrientation
		ADDED from src\main\AndroidManifest.xml:264:13-49
	android:windowSoftInputMode
		ADDED from src\main\AndroidManifest.xml:266:13-60
	android:theme
		ADDED from src\main\AndroidManifest.xml:265:13-52
	android:name
		ADDED from src\main\AndroidManifest.xml:263:13-73
activity#com.hyphenate.easeui.ui.EaseDingMsgSendActivity
ADDED from src\main\AndroidManifest.xml:268:9-272:63
	android:screenOrientation
		ADDED from src\main\AndroidManifest.xml:270:13-49
	android:windowSoftInputMode
		ADDED from src\main\AndroidManifest.xml:272:13-60
	android:theme
		ADDED from src\main\AndroidManifest.xml:271:13-52
	android:name
		ADDED from src\main\AndroidManifest.xml:269:13-75
activity#com.hyphenate.easeui.ui.EaseDingAckUserListActivity
ADDED from src\main\AndroidManifest.xml:274:9-278:63
	android:screenOrientation
		ADDED from src\main\AndroidManifest.xml:276:13-49
	android:windowSoftInputMode
		ADDED from src\main\AndroidManifest.xml:278:13-60
	android:theme
		ADDED from src\main\AndroidManifest.xml:277:13-52
	android:name
		ADDED from src\main\AndroidManifest.xml:275:13-79
activity#com.hyphenate.chatuidemo.ui.ImageGridActivity
ADDED from src\main\AndroidManifest.xml:280:9-284:63
	android:screenOrientation
		ADDED from src\main\AndroidManifest.xml:282:13-49
	android:windowSoftInputMode
		ADDED from src\main\AndroidManifest.xml:284:13-60
	android:theme
		ADDED from src\main\AndroidManifest.xml:283:13-52
	android:name
		ADDED from src\main\AndroidManifest.xml:281:13-49
activity#com.hyphenate.chatuidemo.ui.RecorderVideoActivity
ADDED from src\main\AndroidManifest.xml:285:9-289:63
	android:screenOrientation
		ADDED from src\main\AndroidManifest.xml:287:13-49
	android:windowSoftInputMode
		ADDED from src\main\AndroidManifest.xml:289:13-60
	android:theme
		ADDED from src\main\AndroidManifest.xml:288:13-52
	android:name
		ADDED from src\main\AndroidManifest.xml:286:13-53
activity#com.hyphenate.chatuidemo.ui.DiagnoseActivity
ADDED from src\main\AndroidManifest.xml:291:9-295:63
	android:screenOrientation
		ADDED from src\main\AndroidManifest.xml:293:13-49
	android:windowSoftInputMode
		ADDED from src\main\AndroidManifest.xml:295:13-60
	android:theme
		ADDED from src\main\AndroidManifest.xml:294:13-52
	android:name
		ADDED from src\main\AndroidManifest.xml:292:13-48
activity#com.hyphenate.chatuidemo.ui.MultiDeviceActivity
ADDED from src\main\AndroidManifest.xml:296:9-299:68
	android:screenOrientation